<?xml version="1.0" encoding="UTF-8"?>
<!-- Generated by org.testng.reporters.JUnitReportReporter -->
<testsuite skipped="1" hostname="LAPTOP-1CAG2J3T" name="com.features.testng.Ignore_Enabled" tests="2" failures="0" timestamp="2022-09-30T23:13:18 IST" time="0.025" errors="0">
  <testcase name="whatsapp" time="0.025" classname="com.features.testng.Ignore_Enabled"/>
  <system-out/>
  <testcase name="books" classname="com.features.testng.Ignore_Enabled">
    <skipped/>
  </testcase> <!-- books -->
  <system-out/>
</testsuite> <!-- com.features.testng.Ignore_Enabled -->
