<?xml version="1.0" encoding="UTF-8"?>
<!-- Generated by org.testng.reporters.JUnitReportReporter -->
<testsuite skipped="0" hostname="LAPTOP-1CAG2J3T" name="com.features.testng.Depends_On_Method" tests="4" failures="0" timestamp="2022-09-28T17:14:33 IST" time="0.018" errors="0">
  <testcase name="pg" time="0.002" classname="com.features.testng.Depends_On_Method"/>
  <system-out/>
  <testcase name="hsc" time="0.002" classname="com.features.testng.Depends_On_Method"/>
  <system-out/>
  <testcase name="sslc" time="0.013" classname="com.features.testng.Depends_On_Method"/>
  <system-out/>
  <testcase name="ug" time="0.001" classname="com.features.testng.Depends_On_Method"/>
  <system-out/>
</testsuite> <!-- com.features.testng.Depends_On_Method -->
