<?xml version="1.0" encoding="UTF-8"?>
<!-- Generated by org.testng.reporters.JUnitReportReporter -->
<testsuite skipped="0" hostname="LAPTOP-1CAG2J3T" name="com.api_testing.Retrieve_Response" tests="1" failures="0" timestamp="2022-10-08T18:45:33 IST" time="2.832" errors="0">
  <testcase name="ret_Res" time="2.832" classname="com.api_testing.Retrieve_Response"/>
  <system-out/>
</testsuite> <!-- com.api_testing.Retrieve_Response -->
