<?xml version="1.0" encoding="UTF-8"?>
<!-- Generated by org.testng.reporters.JUnitReportReporter -->
<testsuite skipped="0" hostname="LAPTOP-1CAG2J3T" name="com.features.testng.Retry_Analyser_Demo" tests="1" failures="0" timestamp="2022-09-29T19:14:53 IST" time="174.378" errors="0">
  <testcase name="url" time="174.378" classname="com.features.testng.Retry_Analyser_Demo"/>
  <system-out/>
</testsuite> <!-- com.features.testng.Retry_Analyser_Demo -->
