<?xml version="1.0" encoding="UTF-8"?>
<!-- Generated by org.testng.reporters.JUnitReportReporter -->
<testsuite skipped="0" hostname="LAPTOP-1CAG2J3T" name="com.features.testng.Parallel_Browser_Demo" tests="2" failures="0" timestamp="2022-10-01T00:22:09 IST" time="24.359" errors="0">
  <testcase name="adactin" time="13.730" classname="com.features.testng.Parallel_Browser_Demo"/>
  <system-out/>
  <testcase name="yourlogo" time="10.629" classname="com.features.testng.Parallel_Browser_Demo"/>
  <system-out/>
</testsuite> <!-- com.features.testng.Parallel_Browser_Demo -->
