<?xml version="1.0" encoding="UTF-8"?>
<!-- Generated by org.testng.reporters.JUnitReportReporter -->
<testsuite skipped="0" hostname="LAPTOP-1CAG2J3T" name="com.features.testng.Single_Data_Parsing" tests="1" failures="0" timestamp="2022-10-01T00:34:26 IST" time="0.096" errors="0">
  <testcase name="username_Password" time="0.096" classname="com.features.testng.Single_Data_Parsing"/>
  <system-out/>
</testsuite> <!-- com.features.testng.Single_Data_Parsing -->
