<?xml version="1.0" encoding="UTF-8"?>
<!-- Generated by org.testng.reporters.JUnitReportReporter -->
<testsuite skipped="0" hostname="LAPTOP-1CAG2J3T" name="com.features.testng.Description_Demo" tests="1" failures="0" timestamp="2022-09-28T17:25:51 IST" time="0.011" errors="0">
  <testcase name="bike" time="0.011" classname="com.features.testng.Description_Demo"/>
  <system-out/>
</testsuite> <!-- com.features.testng.Description_Demo -->
