<?xml version="1.0" encoding="UTF-8"?>
<!-- Generated by org.testng.reporters.JUnitReportReporter -->
<testsuite skipped="0" hostname="LAPTOP-1CAG2J3T" name="com.api_testing.Validate_Json" tests="1" failures="0" timestamp="2022-10-08T18:50:37 IST" time="0.104" errors="0">
  <testcase name="json_Validate" time="0.104" classname="com.api_testing.Validate_Json"/>
  <system-out/>
</testsuite> <!-- com.api_testing.Validate_Json -->
