<?xml version="1.0" encoding="UTF-8"?>
<!-- Generated by org.testng.reporters.JUnitReportReporter -->
<testsuite skipped="0" hostname="LAPTOP-1CAG2J3T" name="com.features.testng.Invocation_Timeout_Demo" tests="2" failures="0" timestamp="2022-09-28T16:58:30 IST" time="12.698" errors="0">
  <testcase name="chrome" time="3.465" classname="com.features.testng.Invocation_Timeout_Demo"/>
  <system-out/>
  <testcase name="url" time="9.233" classname="com.features.testng.Invocation_Timeout_Demo"/>
  <system-out/>
</testsuite> <!-- com.features.testng.Invocation_Timeout_Demo -->
