<?xml version="1.0" encoding="UTF-8"?>
<!-- Generated by org.testng.reporters.JUnitReportReporter -->
<testsuite skipped="0" hostname="LAPTOP-1CAG2J3T" name="com.features.testng.Groups_Demo" tests="4" failures="0" timestamp="2022-09-29T14:37:42 IST" time="1.621" errors="0">
  <testcase name="password" time="0.109" classname="com.features.testng.Groups_Demo"/>
  <system-out/>
  <testcase name="url" time="0.367" classname="com.features.testng.Groups_Demo"/>
  <system-out/>
  <testcase name="username" time="0.131" classname="com.features.testng.Groups_Demo"/>
  <system-out/>
  <testcase name="login" time="1.014" classname="com.features.testng.Groups_Demo"/>
  <system-out/>
</testsuite> <!-- com.features.testng.Groups_Demo -->
