<?xml version="1.0" encoding="UTF-8"?>
<!-- Generated by org.testng.reporters.JUnitReportReporter -->
<testsuite skipped="0" hostname="LAPTOP-1CAG2J3T" name="com.features.testng.Depends_On_Methods" tests="5" failures="0" timestamp="2022-09-29T12:20:36 IST" time="0.015" errors="0">
  <testcase name="pg" time="0.003" classname="com.features.testng.Depends_On_Methods"/>
  <system-out/>
  <testcase name="hsc" time="0.003" classname="com.features.testng.Depends_On_Methods"/>
  <system-out/>
  <testcase name="ug" time="0.003" classname="com.features.testng.Depends_On_Methods"/>
  <system-out/>
  <testcase name="sslc" time="0.003" classname="com.features.testng.Depends_On_Methods"/>
  <system-out/>
  <testcase name="tool" time="0.003" classname="com.features.testng.Depends_On_Methods"/>
  <system-out/>
</testsuite> <!-- com.features.testng.Depends_On_Methods -->
