<?xml version="1.0" encoding="UTF-8"?>
<!-- Generated by org.testng.reporters.JUnitReportReporter -->
<testsuite skipped="0" hostname="LAPTOP-1CAG2J3T" name="com.features.testng.Priority_Demo" tests="5" failures="0" timestamp="2022-09-29T12:20:36 IST" time="0.081" errors="0">
  <testcase name="course" time="0.067" classname="com.features.testng.Priority_Demo"/>
  <system-out/>
  <testcase name="sslc" time="0.003" classname="com.features.testng.Priority_Demo"/>
  <system-out/>
  <testcase name="hsc" time="0.003" classname="com.features.testng.Priority_Demo"/>
  <system-out/>
  <testcase name="ug" time="0.004" classname="com.features.testng.Priority_Demo"/>
  <system-out/>
  <testcase name="pg" time="0.004" classname="com.features.testng.Priority_Demo"/>
  <system-out/>
</testsuite> <!-- com.features.testng.Priority_Demo -->
